<?xml version="1.0" encoding="UTF-8"?>
<coverage generated="1597706216077" clover="3.2.0">
  <project timestamp="1597706216077" name="All files">
    <metrics statements="16" coveredstatements="16" conditionals="10" coveredconditionals="10" methods="6" coveredmethods="6" elements="32" coveredelements="32" complexity="0" loc="16" ncloc="16" packages="1" files="2" classes="2"/>
    <file name="houses.js" path="/home/iman/workspace/racv-code-test/src/server/in-memory-db/houses.js">
      <metrics statements="14" coveredstatements="14" conditionals="10" coveredconditionals="10" methods="6" coveredmethods="6"/>
      <line num="4" count="1" type="stmt"/>
      <line num="6" count="1" type="stmt"/>
      <line num="7" count="10" type="cond" truecount="2" falsecount="0"/>
      <line num="8" count="1" type="stmt"/>
      <line num="11" count="9" type="cond" truecount="2" falsecount="0"/>
      <line num="12" count="8" type="stmt"/>
      <line num="14" count="1" type="stmt"/>
      <line num="18" count="1" type="stmt"/>
      <line num="19" count="7" type="stmt"/>
      <line num="20" count="7" type="cond" truecount="2" falsecount="0"/>
      <line num="23" count="1" type="stmt"/>
      <line num="24" count="7" type="stmt"/>
      <line num="26" count="3" type="cond" truecount="4" falsecount="0"/>
      <line num="28" count="1" type="stmt"/>
    </file>
    <file name="initial-data.js" path="/home/iman/workspace/racv-code-test/src/server/in-memory-db/initial-data.js">
      <metrics statements="2" coveredstatements="2" conditionals="0" coveredconditionals="0" methods="0" coveredmethods="0"/>
      <line num="1" count="1" type="stmt"/>
      <line num="11" count="1" type="stmt"/>
    </file>
  </project>
</coverage>
