{"/home/iman/workspace/racv-code-test/src/server/in-memory-db/houses.js": {"path":"/home/iman/workspace/racv-code-test/src/server/in-memory-db/houses.js","statementMap":{"0":{"start":{"line":4,"column":19},"end":{"line":4,"column":21}},"1":{"start":{"line":6,"column":15},"end":{"line":16,"column":1}},"2":{"start":{"line":7,"column":1},"end":{"line":9,"column":2}},"3":{"start":{"line":8,"column":2},"end":{"line":8,"column":69}},"4":{"start":{"line":11,"column":1},"end":{"line":15,"column":2}},"5":{"start":{"line":12,"column":2},"end":{"line":12,"column":63}},"6":{"start":{"line":14,"column":2},"end":{"line":14,"column":65}},"7":{"start":{"line":18,"column":13},"end":{"line":21,"column":1}},"8":{"start":{"line":19,"column":1},"end":{"line":19,"column":12}},"9":{"start":{"line":20,"column":1},"end":{"line":20,"column":40}},"10":{"start":{"line":20,"column":29},"end":{"line":20,"column":38}},"11":{"start":{"line":23,"column":16},"end":{"line":24,"column":66}},"12":{"start":{"line":24,"column":1},"end":{"line":24,"column":66}},"13":{"start":{"line":24,"column":44},"end":{"line":24,"column":61}},"14":{"start":{"line":26,"column":24},"end":{"line":26,"column":79}},"15":{"start":{"line":26,"column":37},"end":{"line":26,"column":78}},"16":{"start":{"line":28,"column":17},"end":{"line":33,"column":1}}},"fnMap":{"0":{"name":"(anonymous_0)","decl":{"start":{"line":6,"column":15},"end":{"line":6,"column":16}},"loc":{"start":{"line":6,"column":26},"end":{"line":16,"column":1}},"line":6},"1":{"name":"(anonymous_1)","decl":{"start":{"line":18,"column":13},"end":{"line":18,"column":14}},"loc":{"start":{"line":18,"column":23},"end":{"line":21,"column":1}},"line":18},"2":{"name":"(anonymous_2)","decl":{"start":{"line":20,"column":22},"end":{"line":20,"column":23}},"loc":{"start":{"line":20,"column":29},"end":{"line":20,"column":38}},"line":20},"3":{"name":"(anonymous_3)","decl":{"start":{"line":23,"column":16},"end":{"line":23,"column":17}},"loc":{"start":{"line":24,"column":1},"end":{"line":24,"column":66}},"line":24},"4":{"name":"(anonymous_4)","decl":{"start":{"line":24,"column":29},"end":{"line":24,"column":30}},"loc":{"start":{"line":24,"column":44},"end":{"line":24,"column":61}},"line":24},"5":{"name":"(anonymous_5)","decl":{"start":{"line":26,"column":24},"end":{"line":26,"column":25}},"loc":{"start":{"line":26,"column":37},"end":{"line":26,"column":78}},"line":26}},"branchMap":{"0":{"loc":{"start":{"line":7,"column":1},"end":{"line":9,"column":2}},"type":"if","locations":[{"start":{"line":7,"column":1},"end":{"line":9,"column":2}},{"start":{"line":7,"column":1},"end":{"line":9,"column":2}}],"line":7},"1":{"loc":{"start":{"line":11,"column":1},"end":{"line":15,"column":2}},"type":"if","locations":[{"start":{"line":11,"column":1},"end":{"line":15,"column":2}},{"start":{"line":11,"column":1},"end":{"line":15,"column":2}}],"line":11},"2":{"loc":{"start":{"line":20,"column":2},"end":{"line":20,"column":12}},"type":"binary-expr","locations":[{"start":{"line":20,"column":2},"end":{"line":20,"column":6}},{"start":{"line":20,"column":10},"end":{"line":20,"column":12}}],"line":20},"3":{"loc":{"start":{"line":26,"column":37},"end":{"line":26,"column":78}},"type":"cond-expr","locations":[{"start":{"line":26,"column":47},"end":{"line":26,"column":56}},{"start":{"line":26,"column":59},"end":{"line":26,"column":78}}],"line":26},"4":{"loc":{"start":{"line":26,"column":59},"end":{"line":26,"column":78}},"type":"binary-expr","locations":[{"start":{"line":26,"column":59},"end":{"line":26,"column":72}},{"start":{"line":26,"column":76},"end":{"line":26,"column":78}}],"line":26}},"s":{"0":1,"1":1,"2":10,"3":1,"4":9,"5":8,"6":1,"7":1,"8":7,"9":7,"10":7,"11":1,"12":6,"13":7,"14":1,"15":3,"16":1},"f":{"0":10,"1":7,"2":7,"3":6,"4":7,"5":3},"b":{"0":[1,9],"1":[8,1],"2":[7,3],"3":[1,2],"4":[2,1]},"_coverageSchema":"43e27e138ebf9cfc5966b082cf9a028302ed4184","hash":"eebee76bf83dd4817141548f20218d3f7587862e"}
,"/home/iman/workspace/racv-code-test/src/server/in-memory-db/initial-data.js": {"path":"/home/iman/workspace/racv-code-test/src/server/in-memory-db/initial-data.js","statementMap":{"0":{"start":{"line":1,"column":32},"end":{"line":9,"column":1}},"1":{"start":{"line":11,"column":30},"end":{"line":19,"column":1}}},"fnMap":{},"branchMap":{},"s":{"0":1,"1":1},"f":{},"b":{},"_coverageSchema":"43e27e138ebf9cfc5966b082cf9a028302ed4184","hash":"85dc8643461558ca81d0ef592ed94a9e2c6f4c31"}
}
