TN:
SF:/home/iman/workspace/racv-code-test/src/server/in-memory-db/houses.js
FN:6,(anonymous_0)
FN:18,(anonymous_1)
FN:20,(anonymous_2)
FN:23,(anonymous_3)
FN:24,(anonymous_4)
FN:26,(anonymous_5)
FNF:6
FNH:6
FNDA:10,(anonymous_0)
FNDA:7,(anonymous_1)
FNDA:7,(anonymous_2)
FNDA:6,(anonymous_3)
FNDA:7,(anonymous_4)
FNDA:3,(anonymous_5)
DA:4,1
DA:6,1
DA:7,10
DA:8,1
DA:11,9
DA:12,8
DA:14,1
DA:18,1
DA:19,7
DA:20,7
DA:23,1
DA:24,7
DA:26,3
DA:28,1
LF:14
LH:14
BRDA:7,0,0,1
BRDA:7,0,1,9
BRDA:11,1,0,8
BRDA:11,1,1,1
BRDA:20,2,0,7
BRDA:20,2,1,3
BRDA:26,3,0,1
BRDA:26,3,1,2
BRDA:26,4,0,2
BRDA:26,4,1,1
BRF:10
BRH:10
end_of_record
TN:
SF:/home/iman/workspace/racv-code-test/src/server/in-memory-db/initial-data.js
FNF:0
FNH:0
DA:1,1
DA:11,1
LF:2
LH:2
BRF:0
BRH:0
end_of_record
